-- The C compiler identification is GNU 9.4.0
-- The CXX compiler identification is GNU 9.4.0
-- Detecting C compiler ABI info
-- Detecting C compiler ABI info - done
-- Check for working C compiler: /usr/bin/cc - skipped
-- Detecting C compile features
-- Detecting C compile features - done
-- Detecting CXX compiler ABI info
-- Detecting CXX compiler ABI info - done
-- Check for working CXX compiler: /usr/bin/c++ - skipped
-- Detecting CXX compile features
-- Detecting CXX compile features - done
-- Found OpenCV: /home/pierre/intel/openvino_2021.4.752/opencv (found version "4.5.3") 
-- ofxDepthAICore activated
-- Found PkgConfig: /usr/bin/pkg-config (found version "0.29.1") 
-- Checking for module 'gstreamer-1.0'
--   Found gstreamer-1.0, version 1.18.4
-- Checking for module 'gstreamer-base-1.0'
--   Found gstreamer-base-1.0, version 1.18.4
-- Checking for module 'gstreamer-app-1.0'
--   Found gstreamer-app-1.0, version 1.18.4
-- Checking for module 'gstreamer-audio-1.0'
--   Found gstreamer-audio-1.0, version 1.18.4
-- Checking for module 'gstreamer-fft-1.0'
--   Found gstreamer-fft-1.0, version 1.18.4
-- Checking for module 'gstreamer-gl-1.0>=1.5.0'
--   Found gstreamer-gl-1.0, version 1.16.2
-- Checking for module 'gstreamer-mpegts-1.0>=1.4.0'
--   Found gstreamer-mpegts-1.0, version 1.18.4
-- Checking for module 'gstreamer-pbutils-1.0'
--   Found gstreamer-pbutils-1.0, version 1.18.4
-- Checking for module 'gstreamer-tag-1.0'
--   Found gstreamer-tag-1.0, version 1.18.4
-- Checking for module 'gstreamer-video-1.0'
--   Found gstreamer-video-1.0, version 1.18.4
-- Found GStreamer: GSTREAMER_INCLUDE_DIRS;GSTREAMER_LIBRARIES;GSTREAMER_VERSION;GSTREAMER_BASE_INCLUDE_DIRS;GSTREAMER_BASE_LIBRARIES  
-- Found Boost: /usr/lib/x86_64-linux-gnu/cmake/Boost-1.71.0/BoostConfig.cmake (found version "1.71.0") found components: filesystem system 
-- Found Threads: TRUE  
-- Checking for one of the modules 'alsa'
-- Checking for one of the modules 'cairo'
-- Check if compiler accepts -pthread
-- Check if compiler accepts -pthread - yes
-- Configuring done
-- Generating done
-- Build files have been written to: /home/pierre/Documents/OF/openFrameworks/apps/ofxDepthaiCoreExample/NeuralNetworkExample/build